# JRE version: OpenJDK Runtime Environment (17.0.10) (build 17.0.10+0--11572160)
# Java VM: OpenJDK 64-Bit Server VM (17.0.10+0--11572160, mixed mode, tiered, compressed oops, compressed class ptrs, g1 gc, windows-amd64)
GC Precious Log:
 CPUs: 8 total, 8 available
 Memory: 8089M
 Large Page Support: Disabled
 NUMA Support: Disabled
 Compressed Oops: Enabled (32-bit)
 Heap Region Size: 1M
 Heap Min Capacity: 8M
 Heap Initial Capacity: 128M
 Heap Max Capacity: 2G
 Pre-touch: Disabled
 Parallel Workers: 8
 Concurrent Workers: 2
 Concurrent Refinement Workers: 8
 Periodic GC: Disabled
Heap:
 garbage-first heap   total 190464K, used 139678K [0x0000000080000000, 0x0000000100000000)
  region size 1024K, 29 young (29696K), 4 survivors (4096K)
 Metaspace       used 130841K, committed 131776K, reserved 1179648K
  class space    used 18446K, committed 18880K, reserved 1048576K
GC Heap History (20 events):
Event: 11.934 GC heap before
{Heap before GC invocations=40 (full 0):
 garbage-first heap   total 190464K, used 150812K [0x0000000080000000, 0x0000000100000000)
  region size 1024K, 69 young (70656K), 5 survivors (5120K)
 Metaspace       used 99230K, committed 99904K, reserved 1179648K
  class space    used 13844K, committed 14144K, reserved 1048576K
}
Event: 11.938 GC heap after
{Heap after GC invocations=41 (full 0):
 garbage-first heap   total 190464K, used 88295K [0x0000000080000000, 0x0000000100000000)
  region size 1024K, 7 young (7168K), 7 survivors (7168K)
 Metaspace       used 99230K, committed 99904K, reserved 1179648K
  class space    used 13844K, committed 14144K, reserved 1048576K
}
Event: 12.574 GC heap before
{Heap before GC invocations=41 (full 0):
 garbage-first heap   total 190464K, used 156903K [0x0000000080000000, 0x0000000100000000)
  region size 1024K, 70 young (71680K), 7 survivors (7168K)
 Metaspace       used 106533K, committed 107200K, reserved 1179648K
  class space    used 14748K, committed 15040K, reserved 1048576K
}
Event: 12.581 GC heap after
{Heap after GC invocations=42 (full 0):
 garbage-first heap   total 190464K, used 93196K [0x0000000080000000, 0x0000000100000000)
  region size 1024K, 8 young (8192K), 8 survivors (8192K)
 Metaspace       used 106533K, committed 107200K, reserved 1179648K
  class space    used 14748K, committed 15040K, reserved 1048576K
}
Event: 12.826 GC heap before
{Heap before GC invocations=42 (full 0):
 garbage-first heap   total 190464K, used 120844K [0x0000000080000000, 0x0000000100000000)
  region size 1024K, 34 young (34816K), 8 survivors (8192K)
 Metaspace       used 108122K, committed 108800K, reserved 1179648K
  class space    used 14926K, committed 15232K, reserved 1048576K
}
Event: 12.833 GC heap after
{Heap after GC invocations=43 (full 0):
 garbage-first heap   total 190464K, used 101843K [0x0000000080000000, 0x0000000100000000)
  region size 1024K, 7 young (7168K), 7 survivors (7168K)
 Metaspace       used 108122K, committed 108800K, reserved 1179648K
  class space    used 14926K, committed 15232K, reserved 1048576K
}
Event: 13.345 GC heap before
{Heap before GC invocations=44 (full 0):
 garbage-first heap   total 190464K, used 149971K [0x0000000080000000, 0x0000000100000000)
  region size 1024K, 55 young (56320K), 7 survivors (7168K)
 Metaspace       used 110266K, committed 111040K, reserved 1179648K
  class space    used 15229K, committed 15616K, reserved 1048576K
}
Event: 13.351 GC heap after
{Heap after GC invocations=45 (full 0):
 garbage-first heap   total 190464K, used 103842K [0x0000000080000000, 0x0000000100000000)
  region size 1024K, 7 young (7168K), 7 survivors (7168K)
 Metaspace       used 110266K, committed 111040K, reserved 1179648K
  class space    used 15229K, committed 15616K, reserved 1048576K
}
Event: 13.359 GC heap before
{Heap before GC invocations=45 (full 0):
 garbage-first heap   total 190464K, used 105890K [0x0000000080000000, 0x0000000100000000)
  region size 1024K, 9 young (9216K), 7 survivors (7168K)
 Metaspace       used 110267K, committed 111040K, reserved 1179648K
  class space    used 15229K, committed 15616K, reserved 1048576K
}
Event: 13.363 GC heap after
{Heap after GC invocations=46 (full 0):
 garbage-first heap   total 190464K, used 104051K [0x0000000080000000, 0x0000000100000000)
  region size 1024K, 2 young (2048K), 2 survivors (2048K)
 Metaspace       used 110267K, committed 111040K, reserved 1179648K
  class space    used 15229K, committed 15616K, reserved 1048576K
}
Event: 13.663 GC heap before
{Heap before GC invocations=46 (full 0):
 garbage-first heap   total 190464K, used 149107K [0x0000000080000000, 0x0000000100000000)
  region size 1024K, 47 young (48128K), 2 survivors (2048K)
 Metaspace       used 111131K, committed 111872K, reserved 1179648K
  class space    used 15385K, committed 15744K, reserved 1048576K
}
Event: 13.666 GC heap after
{Heap after GC invocations=47 (full 0):
 garbage-first heap   total 190464K, used 106192K [0x0000000080000000, 0x0000000100000000)
  region size 1024K, 4 young (4096K), 4 survivors (4096K)
 Metaspace       used 111131K, committed 111872K, reserved 1179648K
  class space    used 15385K, committed 15744K, reserved 1048576K
}
Event: 14.295 GC heap before
{Heap before GC invocations=47 (full 0):
 garbage-first heap   total 190464K, used 151248K [0x0000000080000000, 0x0000000100000000)
  region size 1024K, 49 young (50176K), 4 survivors (4096K)
 Metaspace       used 116566K, committed 117376K, reserved 1179648K
  class space    used 16174K, committed 16576K, reserved 1048576K
}
Event: 14.298 GC heap after
{Heap after GC invocations=48 (full 0):
 garbage-first heap   total 190464K, used 107443K [0x0000000080000000, 0x0000000100000000)
  region size 1024K, 2 young (2048K), 2 survivors (2048K)
 Metaspace       used 116566K, committed 117376K, reserved 1179648K
  class space    used 16174K, committed 16576K, reserved 1048576K
}
Event: 14.787 GC heap before
{Heap before GC invocations=48 (full 0):
 garbage-first heap   total 190464K, used 153523K [0x0000000080000000, 0x0000000100000000)
  region size 1024K, 48 young (49152K), 2 survivors (2048K)
 Metaspace       used 122854K, committed 123712K, reserved 1179648K
  class space    used 17217K, committed 17600K, reserved 1048576K
}
Event: 14.789 GC heap after
{Heap after GC invocations=49 (full 0):
 garbage-first heap   total 190464K, used 108843K [0x0000000080000000, 0x0000000100000000)
  region size 1024K, 3 young (3072K), 3 survivors (3072K)
 Metaspace       used 122854K, committed 123712K, reserved 1179648K
  class space    used 17217K, committed 17600K, reserved 1048576K
}
Event: 15.262 GC heap before
{Heap before GC invocations=49 (full 0):
 garbage-first heap   total 190464K, used 155947K [0x0000000080000000, 0x0000000100000000)
  region size 1024K, 50 young (51200K), 3 survivors (3072K)
 Metaspace       used 126946K, committed 127744K, reserved 1179648K
  class space    used 17942K, committed 18304K, reserved 1048576K
}
Event: 15.267 GC heap after
{Heap after GC invocations=50 (full 0):
 garbage-first heap   total 190464K, used 112147K [0x0000000080000000, 0x0000000100000000)
  region size 1024K, 6 young (6144K), 6 survivors (6144K)
 Metaspace       used 126946K, committed 127744K, reserved 1179648K
  class space    used 17942K, committed 18304K, reserved 1048576K
}
Event: 287.035 GC heap before
{Heap before GC invocations=50 (full 0):
 garbage-first heap   total 190464K, used 166419K [0x0000000080000000, 0x0000000100000000)
  region size 1024K, 50 young (51200K), 6 survivors (6144K)
 Metaspace       used 130652K, committed 131520K, reserved 1179648K
  class space    used 18442K, committed 18880K, reserved 1048576K
}
Event: 287.054 GC heap after
{Heap after GC invocations=51 (full 0):
 garbage-first heap   total 190464K, used 115102K [0x0000000080000000, 0x0000000100000000)
  region size 1024K, 4 young (4096K), 4 survivors (4096K)
 Metaspace       used 130652K, committed 131520K, reserved 1179648K
  class space    used 18442K, committed 18880K, reserved 1048576K
}

