# JRE version: OpenJDK Runtime Environment (17.0.10) (build 17.0.10+0--11572160)
# Java VM: OpenJDK 64-Bit Server VM (17.0.10+0--11572160, mixed mode, tiered, compressed oops, compressed class ptrs, g1 gc, windows-amd64)
GC Precious Log:
 CPUs: 8 total, 8 available
 Memory: 8089M
 Large Page Support: Disabled
 NUMA Support: Disabled
 Compressed Oops: Enabled (32-bit)
 Heap Region Size: 1M
 Heap Min Capacity: 8M
 Heap Initial Capacity: 128M
 Heap Max Capacity: 2G
 Pre-touch: Disabled
 Parallel Workers: 8
 Concurrent Workers: 2
 Concurrent Refinement Workers: 8
 Periodic GC: Disabled
Heap:
 garbage-first heap   total 303104K, used 256568K [0x0000000080000000, 0x0000000100000000)
  region size 1024K, 115 young (117760K), 3 survivors (3072K)
 Metaspace       used 135014K, committed 135936K, reserved 1179648K
  class space    used 18993K, committed 19456K, reserved 1048576K
GC Heap History (20 events):
Event: 11.594 GC heap after
{Heap after GC invocations=43 (full 0):
 garbage-first heap   total 190464K, used 90492K [0x0000000080000000, 0x0000000100000000)
  region size 1024K, 5 young (5120K), 5 survivors (5120K)
 Metaspace       used 99588K, committed 100288K, reserved 1179648K
  class space    used 13889K, committed 14208K, reserved 1048576K
}
Event: 12.178 GC heap before
{Heap before GC invocations=43 (full 0):
 garbage-first heap   total 190464K, used 159100K [0x0000000080000000, 0x0000000100000000)
  region size 1024K, 68 young (69632K), 5 survivors (5120K)
 Metaspace       used 106149K, committed 106880K, reserved 1179648K
  class space    used 14711K, committed 15040K, reserved 1048576K
}
Event: 12.183 GC heap after
{Heap after GC invocations=44 (full 0):
 garbage-first heap   total 190464K, used 95244K [0x0000000080000000, 0x0000000100000000)
  region size 1024K, 9 young (9216K), 9 survivors (9216K)
 Metaspace       used 106149K, committed 106880K, reserved 1179648K
  class space    used 14711K, committed 15040K, reserved 1048576K
}
Event: 12.785 GC heap before
{Heap before GC invocations=44 (full 0):
 garbage-first heap   total 190464K, used 153612K [0x0000000080000000, 0x0000000100000000)
  region size 1024K, 65 young (66560K), 9 survivors (9216K)
 Metaspace       used 110102K, committed 110848K, reserved 1179648K
  class space    used 15189K, committed 15488K, reserved 1048576K
}
Event: 12.795 GC heap after
{Heap after GC invocations=45 (full 0):
 garbage-first heap   total 190464K, used 108343K [0x0000000080000000, 0x0000000100000000)
  region size 1024K, 9 young (9216K), 9 survivors (9216K)
 Metaspace       used 110102K, committed 110848K, reserved 1179648K
  class space    used 15189K, committed 15488K, reserved 1048576K
}
Event: 13.122 GC heap before
{Heap before GC invocations=45 (full 0):
 garbage-first heap   total 190464K, used 152375K [0x0000000080000000, 0x0000000100000000)
  region size 1024K, 53 young (54272K), 9 survivors (9216K)
 Metaspace       used 110858K, committed 111616K, reserved 1179648K
  class space    used 15274K, committed 15680K, reserved 1048576K
}
Event: 13.127 GC heap after
{Heap after GC invocations=46 (full 0):
 garbage-first heap   total 190464K, used 110125K [0x0000000080000000, 0x0000000100000000)
  region size 1024K, 5 young (5120K), 5 survivors (5120K)
 Metaspace       used 110858K, committed 111616K, reserved 1179648K
  class space    used 15274K, committed 15680K, reserved 1048576K
}
Event: 13.394 GC heap before
{Heap before GC invocations=46 (full 0):
 garbage-first heap   total 190464K, used 153133K [0x0000000080000000, 0x0000000100000000)
  region size 1024K, 48 young (49152K), 5 survivors (5120K)
 Metaspace       used 111479K, committed 112256K, reserved 1179648K
  class space    used 15375K, committed 15744K, reserved 1048576K
}
Event: 13.398 GC heap after
{Heap after GC invocations=47 (full 0):
 garbage-first heap   total 190464K, used 111579K [0x0000000080000000, 0x0000000100000000)
  region size 1024K, 4 young (4096K), 4 survivors (4096K)
 Metaspace       used 111479K, committed 112256K, reserved 1179648K
  class space    used 15375K, committed 15744K, reserved 1048576K
}
Event: 13.947 GC heap before
{Heap before GC invocations=47 (full 0):
 garbage-first heap   total 190464K, used 153563K [0x0000000080000000, 0x0000000100000000)
  region size 1024K, 46 young (47104K), 4 survivors (4096K)
 Metaspace       used 116331K, committed 117120K, reserved 1179648K
  class space    used 16102K, committed 16512K, reserved 1048576K
}
Event: 13.950 GC heap after
{Heap after GC invocations=48 (full 0):
 garbage-first heap   total 190464K, used 113102K [0x0000000080000000, 0x0000000100000000)
  region size 1024K, 2 young (2048K), 2 survivors (2048K)
 Metaspace       used 116331K, committed 117120K, reserved 1179648K
  class space    used 16102K, committed 16512K, reserved 1048576K
}
Event: 14.317 GC heap before
{Heap before GC invocations=48 (full 0):
 garbage-first heap   total 190464K, used 156110K [0x0000000080000000, 0x0000000100000000)
  region size 1024K, 45 young (46080K), 2 survivors (2048K)
 Metaspace       used 121911K, committed 122752K, reserved 1179648K
  class space    used 17090K, committed 17472K, reserved 1048576K
}
Event: 14.320 GC heap after
{Heap after GC invocations=49 (full 0):
 garbage-first heap   total 190464K, used 114021K [0x0000000080000000, 0x0000000100000000)
  region size 1024K, 3 young (3072K), 3 survivors (3072K)
 Metaspace       used 121911K, committed 122752K, reserved 1179648K
  class space    used 17090K, committed 17472K, reserved 1048576K
}
Event: 14.619 GC heap before
{Heap before GC invocations=49 (full 0):
 garbage-first heap   total 190464K, used 158053K [0x0000000080000000, 0x0000000100000000)
  region size 1024K, 47 young (48128K), 3 survivors (3072K)
 Metaspace       used 126382K, committed 127232K, reserved 1179648K
  class space    used 17871K, committed 18240K, reserved 1048576K
}
Event: 14.623 GC heap after
{Heap after GC invocations=50 (full 0):
 garbage-first heap   total 190464K, used 115882K [0x0000000080000000, 0x0000000100000000)
  region size 1024K, 5 young (5120K), 5 survivors (5120K)
 Metaspace       used 126382K, committed 127232K, reserved 1179648K
  class space    used 17871K, committed 18240K, reserved 1048576K
}
Event: 14.865 GC heap before
{Heap before GC invocations=50 (full 0):
 garbage-first heap   total 190464K, used 158890K [0x0000000080000000, 0x0000000100000000)
  region size 1024K, 48 young (49152K), 5 survivors (5120K)
 Metaspace       used 128243K, committed 129024K, reserved 1179648K
  class space    used 18181K, committed 18560K, reserved 1048576K
}
Event: 14.870 GC heap after
{Heap after GC invocations=51 (full 0):
 garbage-first heap   total 303104K, used 117273K [0x0000000080000000, 0x0000000100000000)
  region size 1024K, 5 young (5120K), 5 survivors (5120K)
 Metaspace       used 128243K, committed 129024K, reserved 1179648K
  class space    used 18181K, committed 18560K, reserved 1048576K
}
Event: 61.126 GC heap before
{Heap before GC invocations=51 (full 0):
 garbage-first heap   total 303104K, used 260633K [0x0000000080000000, 0x0000000100000000)
  region size 1024K, 135 young (138240K), 5 survivors (5120K)
 Metaspace       used 133965K, committed 134848K, reserved 1179648K
  class space    used 18962K, committed 19392K, reserved 1048576K
}
Event: 61.137 GC heap after
{Heap after GC invocations=52 (full 0):
 garbage-first heap   total 303104K, used 128568K [0x0000000080000000, 0x0000000100000000)
  region size 1024K, 16 young (16384K), 16 survivors (16384K)
 Metaspace       used 133965K, committed 134848K, reserved 1179648K
  class space    used 18962K, committed 19392K, reserved 1048576K
}
Event: 111.278 GC heap before
{Heap before GC invocations=52 (full 0):
 garbage-first heap   total 303104K, used 255544K [0x0000000080000000, 0x0000000100000000)
  region size 1024K, 128 young (131072K), 16 survivors (16384K)
 Metaspace       used 135014K, committed 135936K, reserved 1179648K
  class space    used 18993K, committed 19456K, reserved 1048576K
}

